#
# There is insufficient memory for the Java Runtime Environment to continue.
# Native memory allocation (malloc) failed to allocate 32744 bytes for ChunkPool::allocate
# Possible reasons:
#   The system is out of physical RAM or swap space
#   In 32 bit mode, the process size limit was hit
# Possible solutions:
#   Reduce memory load on the system
#   Increase physical memory or swap space
#   Check if swap backing store is full
#   Use 64 bit Java on a 64 bit OS
#   Decrease Java heap size (-Xmx/-Xms)
#   Decrease number of Java threads
#   Decrease Java thread stack sizes (-Xss)
#   Set larger code cache with -XX:ReservedCodeCacheSize=
# This output file may be truncated or incomplete.
#
#  Out of Memory Error (allocation.cpp:273), pid=11440, tid=0x0000000000000a18
#
# JRE version: Java(TM) SE Runtime Environment (8.0_141-b15) (build 1.8.0_141-b15)
# Java VM: Java HotSpot(TM) 64-Bit Server VM (25.141-b15 mixed mode windows-amd64 compressed oops)
# Failed to write core dump. Minidumps are not enabled by default on client versions of Windows
#

---------------  T H R E A D  ---------------

Current thread (0x0000000016c36800):  JavaThread "C1 CompilerThread2" daemon [_thread_in_native, id=2584, stack(0x0000000018480000,0x0000000018580000)]

Stack: [0x0000000018480000,0x0000000018580000]
[error occurred during error reporting (printing stack bounds), id 0xc0000005]

Native frames: (J=compiled Java code, j=interpreted, Vv=VM code, C=native code)


Current CompileTask:
C1:   3109  622       3       javax.swing.plaf.nimbus.NimbusStyle::validate (1178 bytes)


---------------  P R O C E S S  ---------------

Java Threads: ( => current thread )
  0x0000000019815000 JavaThread "Abandoned connection cleanup thread" daemon [_thread_blocked, id=10284, stack(0x000000001d160000,0x000000001d260000)]
  0x0000000004960800 JavaThread "DestroyJavaVM" [_thread_blocked, id=11308, stack(0x0000000004860000,0x0000000004960000)]
  0x0000000019798000 JavaThread "AWT-EventQueue-0" [_thread_in_native, id=11080, stack(0x0000000019f90000,0x000000001a090000)]
  0x000000001897d000 JavaThread "AWT-Windows" daemon [_thread_in_native, id=10780, stack(0x0000000019160000,0x0000000019260000)]
  0x0000000018979000 JavaThread "AWT-Shutdown" [_thread_blocked, id=4448, stack(0x0000000019060000,0x0000000019160000)]
  0x0000000018978800 JavaThread "Java2D Disposer" daemon [_thread_blocked, id=12056, stack(0x0000000018f60000,0x0000000019060000)]
  0x00000000185a8800 JavaThread "Service Thread" daemon [_thread_blocked, id=11116, stack(0x0000000018980000,0x0000000018a80000)]
=>0x0000000016c36800 JavaThread "C1 CompilerThread2" daemon [_thread_in_native, id=2584, stack(0x0000000018480000,0x0000000018580000)]
  0x0000000016c30000 JavaThread "C2 CompilerThread1" daemon [_thread_blocked, id=4048, stack(0x0000000018380000,0x0000000018480000)]
  0x0000000016c2e000 JavaThread "C2 CompilerThread0" daemon [_thread_blocked, id=8268, stack(0x0000000018280000,0x0000000018380000)]
  0x0000000016c2c800 JavaThread "Attach Listener" daemon [_thread_blocked, id=10068, stack(0x0000000018180000,0x0000000018280000)]
  0x0000000016c2b800 JavaThread "Signal Dispatcher" daemon [_thread_blocked, id=8652, stack(0x0000000018080000,0x0000000018180000)]
  0x0000000016c1a800 JavaThread "Finalizer" daemon [_thread_blocked, id=11512, stack(0x0000000017e90000,0x0000000017f90000)]
  0x0000000004a52000 JavaThread "Reference Handler" daemon [_thread_blocked, id=11552, stack(0x0000000017d90000,0x0000000017e90000)]

Other Threads:
  0x0000000016bf8000 VMThread [stack: 0x0000000017c90000,0x0000000017d90000] [id=1192]
  0x0000000016c8e000 WatcherThread [stack: 0x0000000018a80000,0x0000000018b80000] [id=1560]

VM state:not at safepoint (normal execution)

VM Mutex/Monitor currently owned by a thread: None

Heap:
 PSYoungGen      total 16896K, used 5893K [0x00000000ed800000, 0x00000000eea80000, 0x0000000100000000)
  eden space 14848K, 39% used [0x00000000ed800000,0x00000000eddc1648,0x00000000ee680000)
  from space 2048K, 0% used [0x00000000ee680000,0x00000000ee680000,0x00000000ee880000)
  to   space 2048K, 0% used [0x00000000ee880000,0x00000000ee880000,0x00000000eea80000)
 ParOldGen       total 31232K, used 1954K [0x00000000c8800000, 0x00000000ca680000, 0x00000000ed800000)
  object space 31232K, 6% used [0x00000000c8800000,0x00000000c89e8bb0,0x00000000ca680000)
 Metaspace       used 14166K, capacity 14364K, committed 14464K, reserved 1062912K
  class space    used 1794K, capacity 1874K, committed 1920K, reserved 1048576K

Card table byte_map: [0x0000000013e20000,0x0000000013fe0000] byte_map_base: 0x00000000137dc000

Marking Bits: (ParMarkBitMap*) 0x00000000682dd850
 Begin Bits: [0x0000000014510000, 0x00000000152f0000)
 End Bits:   [0x00000000152f0000, 0x00000000160d0000)

Polling page: 0x0000000002ea0000

CodeCache: size=245760Kb used=2504Kb max_used=2516Kb free=243255Kb
 bounds [0x0000000004a60000, 0x0000000004ce0000, 0x0000000013a60000]
 total_blobs=1138 nmethods=625 adapters=427
 compilation: enabled

Compilation events (10 events):
Event: 2.933 Thread 0x0000000016c36800 nmethod 620 0x0000000004ccbed0 code [0x0000000004ccc040, 0x0000000004ccc5a8]
Event: 2.933 Thread 0x0000000016c2e000  621       4       java.lang.String::indexOf (7 bytes)
Event: 2.934 Thread 0x0000000016c36800  622       3       javax.swing.plaf.nimbus.NimbusStyle::validate (1178 bytes)
Event: 2.937 Thread 0x0000000016c30000  625       4       java.lang.String::getChars (62 bytes)
Event: 2.938 Thread 0x0000000016c2e000 nmethod 621 0x0000000004ccf450 code [0x0000000004ccf580, 0x0000000004ccf6d8]
Event: 2.940 Thread 0x0000000016c30000 nmethod 625 0x0000000004ccf7d0 code [0x0000000004ccf920, 0x0000000004ccfa98]
Event: 2.956 Thread 0x0000000016c2e000  629       4       java.lang.String::indexOf (166 bytes)
Event: 2.969 Thread 0x0000000016c30000  630   !   4       javax.swing.UIManager::getLAFState (62 bytes)
Event: 2.971 Thread 0x0000000016c2e000 nmethod 629 0x0000000004ccd690 code [0x0000000004ccd7e0, 0x0000000004ccdc78]
Event: 2.971 Thread 0x0000000016c30000 nmethod 630 0x0000000004ccfc10 code [0x0000000004ccfd60, 0x0000000004ccfe48]

GC Heap History (4 events):
Event: 1.833 GC heap before
{Heap before GC invocations=1 (full 0):
 PSYoungGen      total 16896K, used 5710K [0x00000000ed800000, 0x00000000eea80000, 0x0000000100000000)
  eden space 14848K, 38% used [0x00000000ed800000,0x00000000edd93a30,0x00000000ee680000)
  from space 2048K, 0% used [0x00000000ee880000,0x00000000ee880000,0x00000000eea80000)
  to   space 2048K, 0% used [0x00000000ee680000,0x00000000ee680000,0x00000000ee880000)
 ParOldGen       total 38400K, used 0K [0x00000000c8800000, 0x00000000cad80000, 0x00000000ed800000)
  object space 38400K, 0% used [0x00000000c8800000,0x00000000c8800000,0x00000000cad80000)
 Metaspace       used 9246K, capacity 9416K, committed 9472K, reserved 1062912K
  class space    used 1155K, capacity 1250K, committed 1280K, reserved 1048576K
Event: 1.841 GC heap after
Heap after GC invocations=1 (full 0):
 PSYoungGen      total 16896K, used 2040K [0x00000000ed800000, 0x00000000eea80000, 0x0000000100000000)
  eden space 14848K, 0% used [0x00000000ed800000,0x00000000ed800000,0x00000000ee680000)
  from space 2048K, 99% used [0x00000000ee680000,0x00000000ee87e3a0,0x00000000ee880000)
  to   space 2048K, 0% used [0x00000000ee880000,0x00000000ee880000,0x00000000eea80000)
 ParOldGen       total 38400K, used 32K [0x00000000c8800000, 0x00000000cad80000, 0x00000000ed800000)
  object space 38400K, 0% used [0x00000000c8800000,0x00000000c8808100,0x00000000cad80000)
 Metaspace       used 9246K, capacity 9416K, committed 9472K, reserved 1062912K
  class space    used 1155K, capacity 1250K, committed 1280K, reserved 1048576K
}
Event: 1.841 GC heap before
{Heap before GC invocations=2 (full 1):
 PSYoungGen      total 16896K, used 2040K [0x00000000ed800000, 0x00000000eea80000, 0x0000000100000000)
  eden space 14848K, 0% used [0x00000000ed800000,0x00000000ed800000,0x00000000ee680000)
  from space 2048K, 99% used [0x00000000ee680000,0x00000000ee87e3a0,0x00000000ee880000)
  to   space 2048K, 0% used [0x00000000ee880000,0x00000000ee880000,0x00000000eea80000)
 ParOldGen       total 38400K, used 32K [0x00000000c8800000, 0x00000000cad80000, 0x00000000ed800000)
  object space 38400K, 0% used [0x00000000c8800000,0x00000000c8808100,0x00000000cad80000)
 Metaspace       used 9246K, capacity 9416K, committed 9472K, reserved 1062912K
  class space    used 1155K, capacity 1250K, committed 1280K, reserved 1048576K
Event: 2.011 GC heap after
Heap after GC invocations=2 (full 1):
 PSYoungGen      total 16896K, used 0K [0x00000000ed800000, 0x00000000eea80000, 0x0000000100000000)
  eden space 14848K, 0% used [0x00000000ed800000,0x00000000ed800000,0x00000000ee680000)
  from space 2048K, 0% used [0x00000000ee680000,0x00000000ee680000,0x00000000ee880000)
  to   space 2048K, 0% used [0x00000000ee880000,0x00000000ee880000,0x00000000eea80000)
 ParOldGen       total 31232K, used 1954K [0x00000000c8800000, 0x00000000ca680000, 0x00000000ed800000)
  object space 31232K, 6% used [0x00000000c8800000,0x00000000c89e8bb0,0x00000000ca680000)
 Metaspace       used 9246K, capacity 9416K, committed 9472K, reserved 1058816K
  class space    used 1155K, capacity 1250K, committed 1280K, reserved 1048576K
}

Deoptimization events (6 events):
Event: 2.351 Thread 0x0000000019798000 Uncommon trap: reason=unstable_if action=reinterpret pc=0x0000000004c45a04 method=java.util.Properties.loadConvert([CII[C)Ljava/lang/String; @ 4
Event: 2.352 Thread 0x0000000019798000 Uncommon trap: reason=unstable_if action=reinterpret pc=0x0000000004c3f914 method=java.util.Properties$LineReader.readLine()I @ 174
Event: 2.373 Thread 0x0000000019798000 Uncommon trap: reason=bimorphic action=maybe_recompile pc=0x0000000004c5d1c4 method=java.util.HashMap.putVal(ILjava/lang/Object;Ljava/lang/Object;ZZ)Ljava/lang/Object; @ 152
Event: 2.383 Thread 0x0000000019798000 Uncommon trap: reason=unstable_if action=reinterpret pc=0x0000000004c71664 method=java.util.Properties$LineReader.readLine()I @ 174
Event: 2.839 Thread 0x0000000019798000 Uncommon trap: reason=unstable_if action=reinterpret pc=0x0000000004c99bac method=java.util.HashMap.getNode(ILjava/lang/Object;)Ljava/util/HashMap$Node; @ 84
Event: 2.839 Thread 0x0000000019798000 Uncommon trap: reason=unstable_if action=reinterpret pc=0x0000000004cb0b54 method=java.util.HashMap.getNode(ILjava/lang/Object;)Ljava/util/HashMap$Node; @ 84

Internal exceptions (10 events):
Event: 1.054 Thread 0x0000000004960800 Exception <a 'java/lang/ClassNotFoundException': ToolBar> (0x00000000edb58150) thrown at [C:\re\workspace\8-2-build-windows-amd64-cygwin\jdk8u141\9370\hotspot\src\share\vm\classfile\systemDictionary.cpp, line 210]
Event: 1.055 Thread 0x0000000004960800 Exception <a 'java/lang/ClassNotFoundException': ToggleButton> (0x00000000edb58700) thrown at [C:\re\workspace\8-2-build-windows-amd64-cygwin\jdk8u141\9370\hotspot\src\share\vm\classfile\systemDictionary.cpp, line 210]
Event: 1.055 Thread 0x0000000004960800 Exception <a 'java/lang/ClassNotFoundException': javax/swing/JToolBarSeparator> (0x00000000edb58b60) thrown at [C:\re\workspace\8-2-build-windows-amd64-cygwin\jdk8u141\9370\hotspot\src\share\vm\classfile\systemDictionary.cpp, line 210]
Event: 1.055 Thread 0x0000000004960800 Exception <a 'java/lang/ClassNotFoundException': ToolBarSeparator> (0x00000000edb58ff8) thrown at [C:\re\workspace\8-2-build-windows-amd64-cygwin\jdk8u141\9370\hotspot\src\share\vm\classfile\systemDictionary.cpp, line 210]
Event: 1.056 Thread 0x0000000004960800 Exception <a 'java/lang/ClassNotFoundException': ToolTip> (0x00000000edb59738) thrown at [C:\re\workspace\8-2-build-windows-amd64-cygwin\jdk8u141\9370\hotspot\src\share\vm\classfile\systemDictionary.cpp, line 210]
Event: 1.060 Thread 0x0000000004960800 Exception <a 'java/lang/ClassNotFoundException': Tree> (0x00000000edb5a358) thrown at [C:\re\workspace\8-2-build-windows-amd64-cygwin\jdk8u141\9370\hotspot\src\share\vm\classfile\systemDictionary.cpp, line 210]
Event: 1.060 Thread 0x0000000004960800 Exception <a 'java/lang/ClassNotFoundException': Tree> (0x00000000edb5aa98) thrown at [C:\re\workspace\8-2-build-windows-amd64-cygwin\jdk8u141\9370\hotspot\src\share\vm\classfile\systemDictionary.cpp, line 210]
Event: 1.060 Thread 0x0000000004960800 Exception <a 'java/lang/ClassNotFoundException': javax/swing/JTreeCell> (0x00000000edb5ae18) thrown at [C:\re\workspace\8-2-build-windows-amd64-cygwin\jdk8u141\9370\hotspot\src\share\vm\classfile\systemDictionary.cpp, line 210]
Event: 1.060 Thread 0x0000000004960800 Exception <a 'java/lang/ClassNotFoundException': TreeCell> (0x00000000edb5b2a0) thrown at [C:\re\workspace\8-2-build-windows-amd64-cygwin\jdk8u141\9370\hotspot\src\share\vm\classfile\systemDictionary.cpp, line 210]
Event: 1.069 Thread 0x0000000004960800 Exception <a 'java/lang/ClassNotFoundException': RootPane> (0x00000000edb5bd00) thrown at [C:\re\workspace\8-2-build-windows-amd64-cygwin\jdk8u141\9370\hotspot\src\share\vm\classfile\systemDictionary.cpp, line 210]

Events (10 events):
Event: 2.972 loading class java/awt/event/ComponentAdapter done
Event: 2.972 loading class javax/swing/JViewport$ViewListener done
Event: 2.973 loading class javax/swing/GroupLayout
Event: 2.973 loading class javax/swing/GroupLayout done
Event: 2.974 loading class javax/swing/GroupLayout$Alignment
Event: 2.974 loading class javax/swing/GroupLayout$Alignment done
Event: 2.974 loading class javax/swing/GroupLayout$AutoPreferredGapSpring
Event: 2.975 loading class javax/swing/GroupLayout$AutoPreferredGapSpring done
Event: 2.975 loading class javax/swing/GroupLayout$GapSpring
Event: 2.975 loading class javax/swing/GroupLayout$GapSpring done


Dynamic libraries:
0x00007ff721040000 - 0x00007ff721077000 	C:\Program Files\Java\jdk1.8.0_141\bin\java.exe
0x00007ffc1a030000 - 0x00007ffc1a210000 	C:\WINDOWS\SYSTEM32\ntdll.dll
0x00007ffc17850000 - 0x00007ffc178fe000 	C:\WINDOWS\System32\KERNEL32.DLL
0x00007ffc16490000 - 0x00007ffc166f6000 	C:\WINDOWS\System32\KERNELBASE.dll
0x00007ffc14840000 - 0x00007ffc148c8000 	C:\WINDOWS\SYSTEM32\apphelp.dll
0x00007ffc17900000 - 0x00007ffc179a1000 	C:\WINDOWS\System32\ADVAPI32.dll
0x00007ffc18670000 - 0x00007ffc1870d000 	C:\WINDOWS\System32\msvcrt.dll
0x00007ffc19dd0000 - 0x00007ffc19e2b000 	C:\WINDOWS\System32\sechost.dll
0x00007ffc17a50000 - 0x00007ffc17b6f000 	C:\WINDOWS\System32\RPCRT4.dll
0x00007ffc176c0000 - 0x00007ffc1784f000 	C:\WINDOWS\System32\USER32.dll
0x00007ffc174e0000 - 0x00007ffc17500000 	C:\WINDOWS\System32\win32u.dll
0x00007ffc188a0000 - 0x00007ffc188c8000 	C:\WINDOWS\System32\GDI32.dll
0x00007ffc16700000 - 0x00007ffc16893000 	C:\WINDOWS\System32\gdi32full.dll
0x00007ffc17240000 - 0x00007ffc172db000 	C:\WINDOWS\System32\msvcp_win.dll
0x00007ffc173e0000 - 0x00007ffc174d6000 	C:\WINDOWS\System32\ucrtbase.dll
0x00007ffc0b440000 - 0x00007ffc0b6a9000 	C:\WINDOWS\WinSxS\amd64_microsoft.windows.common-controls_6595b64144ccf1df_6.0.16299.125_none_15cbcf8893620c09\COMCTL32.dll
0x00007ffc18210000 - 0x00007ffc18518000 	C:\WINDOWS\System32\combase.dll
0x00007ffc16a70000 - 0x00007ffc16ae2000 	C:\WINDOWS\System32\bcryptPrimitives.dll
0x00007ffc17690000 - 0x00007ffc176bd000 	C:\WINDOWS\System32\IMM32.DLL
0x00000000679e0000 - 0x0000000067ab2000 	C:\Program Files\Java\jdk1.8.0_141\jre\bin\msvcr100.dll
0x0000000067ac0000 - 0x000000006835d000 	C:\Program Files\Java\jdk1.8.0_141\jre\bin\server\jvm.dll
0x00007ffc187e0000 - 0x00007ffc187e8000 	C:\WINDOWS\System32\PSAPI.DLL
0x00007ffc071d0000 - 0x00007ffc071d9000 	C:\WINDOWS\SYSTEM32\WSOCK32.dll
0x00007ffc10500000 - 0x00007ffc1050a000 	C:\WINDOWS\SYSTEM32\VERSION.dll
0x00007ffc179c0000 - 0x00007ffc17a2c000 	C:\WINDOWS\System32\WS2_32.dll
0x00007ffc141f0000 - 0x00007ffc14213000 	C:\WINDOWS\SYSTEM32\WINMM.dll
0x00007ffc141c0000 - 0x00007ffc141ea000 	C:\WINDOWS\SYSTEM32\winmmbase.dll
0x00007ffc17390000 - 0x00007ffc173da000 	C:\WINDOWS\System32\cfgmgr32.dll
0x0000000067990000 - 0x000000006799f000 	C:\Program Files\Java\jdk1.8.0_141\jre\bin\verify.dll
0x0000000067960000 - 0x0000000067989000 	C:\Program Files\Java\jdk1.8.0_141\jre\bin\java.dll
0x0000000067940000 - 0x0000000067956000 	C:\Program Files\Java\jdk1.8.0_141\jre\bin\zip.dll
0x00007ffc188d0000 - 0x00007ffc19d06000 	C:\WINDOWS\System32\SHELL32.dll
0x00007ffc18160000 - 0x00007ffc18206000 	C:\WINDOWS\System32\shcore.dll
0x00007ffc16af0000 - 0x00007ffc17237000 	C:\WINDOWS\System32\windows.storage.dll
0x00007ffc19e30000 - 0x00007ffc19e81000 	C:\WINDOWS\System32\shlwapi.dll
0x00007ffc16410000 - 0x00007ffc16421000 	C:\WINDOWS\System32\kernel.appcore.dll
0x00007ffc163a0000 - 0x00007ffc163ec000 	C:\WINDOWS\System32\powrprof.dll
0x00007ffc16380000 - 0x00007ffc1639b000 	C:\WINDOWS\System32\profapi.dll
0x00000000675b0000 - 0x0000000067748000 	C:\Program Files\Java\jdk1.8.0_141\jre\bin\awt.dll
0x00007ffc18710000 - 0x00007ffc187d5000 	C:\WINDOWS\System32\OLEAUT32.dll
0x00007ffc14a00000 - 0x00007ffc14a95000 	C:\WINDOWS\system32\uxtheme.dll
0x00007ffc19e90000 - 0x00007ffc19ff7000 	C:\WINDOWS\System32\MSCTF.dll
0x00007ffc14c30000 - 0x00007ffc14c5a000 	C:\WINDOWS\system32\dwmapi.dll
0x00007ffc18520000 - 0x00007ffc18669000 	C:\WINDOWS\System32\ole32.dll
0x00000000678b0000 - 0x00000000678f7000 	C:\Program Files\Java\jdk1.8.0_141\jre\bin\fontmanager.dll
0x00007ffbffe60000 - 0x00007ffbfff7e000 	C:\WINDOWS\system32\opengl32.dll
0x00007ffc073f0000 - 0x00007ffc0741c000 	C:\WINDOWS\SYSTEM32\GLU32.dll
0x00007ffbe94d0000 - 0x00007ffbe9665000 	C:\WINDOWS\system32\d3d9.dll
0x00007ffc10930000 - 0x00007ffc10a94000 	C:\WINDOWS\SYSTEM32\aticfx64.dll
0x00007ffc00b40000 - 0x00007ffc00b61000 	C:\WINDOWS\SYSTEM32\atiu9p64.dll
0x00007ffbe0ae0000 - 0x00007ffbe1339000 	C:\WINDOWS\SYSTEM32\atiumd64.dll
0x0000000068a40000 - 0x00000000692c8000 	C:\WINDOWS\SYSTEM32\atiumd6a.dll
0x0000000067920000 - 0x000000006793a000 	C:\Program Files\Java\jdk1.8.0_141\jre\bin\net.dll
0x00007ffc15bb0000 - 0x00007ffc15c16000 	C:\WINDOWS\system32\mswsock.dll
0x00007ffc15980000 - 0x00007ffc15a36000 	C:\WINDOWS\SYSTEM32\DNSAPI.dll
0x00007ffc179b0000 - 0x00007ffc179b8000 	C:\WINDOWS\System32\NSI.dll
0x00007ffc15940000 - 0x00007ffc15979000 	C:\WINDOWS\SYSTEM32\IPHLPAPI.DLL
0x00007ffc0e550000 - 0x00007ffc0e55a000 	C:\Windows\System32\rasadhlp.dll
0x00007ffc0e7e0000 - 0x00007ffc0e850000 	C:\WINDOWS\System32\fwpuclnt.dll
0x00007ffc15ee0000 - 0x00007ffc15f05000 	C:\WINDOWS\SYSTEM32\bcrypt.dll
0x00007ffc187f0000 - 0x00007ffc1888e000 	C:\WINDOWS\System32\clbcatq.dll
0x00007ffc11f00000 - 0x00007ffc120ab000 	C:\WINDOWS\SYSTEM32\WindowsCodecs.dll
0x00007ffc02270000 - 0x00007ffc022bf000 	C:\WINDOWS\system32\dataexchange.dll
0x00007ffc133d0000 - 0x00007ffc136b1000 	C:\WINDOWS\system32\d3d11.dll
0x00007ffc14310000 - 0x00007ffc14452000 	C:\WINDOWS\system32\dcomp.dll
0x00007ffc151f0000 - 0x00007ffc1529f000 	C:\WINDOWS\system32\dxgi.dll
0x00007ffc14d70000 - 0x00007ffc14eeb000 	C:\WINDOWS\system32\twinapi.appcore.dll
0x00007ffc14d50000 - 0x00007ffc14d70000 	C:\WINDOWS\system32\RMCLIENT.dll

VM Arguments:
jvm_args: -Dfile.encoding=UTF-8 
java_command: form.uang_kas
java_class_path (initial): C:\Program Files\NetBeans 8.2\ide\modules\ext\mysql-connector-java-5.1.23-bin.jar;C:\Program Files\NetBeans 8.2\java\modules\ext\AbsoluteLayout.jar;D:\ILHAM 16\NetBeans\uangkas\build\classes
Launcher Type: SUN_STANDARD

Environment Variables:
JAVA_HOME=C:\Program Files\Java\jdk1.8.0_141
PATH=C:\ProgramData\Oracle\Java\javapath;C:\WINDOWS\system32;C:\WINDOWS;C:\WINDOWS\System32\Wbem;C:\WINDOWS\System32\WindowsPowerShell\v1.0\;C:\Program Files\Java\jdk1.8.0_141\bin;C:\Program Files (x86)\Microsoft SQL Server\100\Tools\Binn\;C:\Program Files\Microsoft SQL Server\100\Tools\Binn\;C:\Program Files\Microsoft SQL Server\100\DTS\Binn\;C:\Program Files (x86)\Microsoft SQL Server\Client SDK\ODBC\110\Tools\Binn\;C:\Program Files (x86)\Microsoft SQL Server\120\Tools\Binn\;C:\Program Files (x86)\Microsoft SQL Server\120\DTS\Binn\;C:\Program Files (x86)\Microsoft SQL Server\120\Tools\Binn\ManagementStudio\;C:\Users\My PC #16\AppData\Local\Microsoft\WindowsApps
USERNAME=My PC #16
OS=Windows_NT
PROCESSOR_IDENTIFIER=AMD64 Family 22 Model 48 Stepping 1, AuthenticAMD



---------------  S Y S T E M  ---------------

OS: Windows 10.0 , 64 bit Build 16299 (10.0.16299.15)

CPU:total 4 (initial active 4) (4 cores per cpu, 1 threads per core) family 22 model 48 stepping 1, cmov, cx8, fxsr, mmx, sse, sse2, sse3, ssse3, sse4.1, sse4.2, popcnt, avx, aes, clmul, mmxext, 3dnowpref, lzcnt, sse4a, tsc, tscinvbit, tscinv, bmi1

Memory: 4k page, physical 3635568k(328216k free), swap 14645616k(228k free)

vm_info: Java HotSpot(TM) 64-Bit Server VM (25.141-b15) for windows-amd64 JRE (1.8.0_141-b15), built on Jul 12 2017 04:25:12 by "java_re" with MS VC++ 10.0 (VS2010)

time: Tue May 08 15:01:05 2018
elapsed time: 3 seconds (0d 0h 0m 3s)

