#
# A fatal error has been detected by the Java Runtime Environment:
#
#  EXCEPTION_STACK_OVERFLOW (0xc00000fd) at pc=0x00000000049d3ad8, pid=10480, tid=0x0000000000002874
#
# JRE version: Java(TM) SE Runtime Environment (8.0_141-b15) (build 1.8.0_141-b15)
# Java VM: Java HotSpot(TM) 64-Bit Server VM (25.141-b15 mixed mode windows-amd64 compressed oops)
# Problematic frame:
# J 287  sun.reflect.Reflection.getCallerClass()Ljava/lang/Class; (0 bytes) @ 0x00000000049d3ad8 [0x00000000049d3ac0+0x18]
#
# Failed to write core dump. Minidumps are not enabled by default on client versions of Windows
#
# If you would like to submit a bug report, please visit:
#   http://bugreport.java.com/bugreport/crash.jsp
#

---------------  T H R E A D  ---------------

Current thread (0x0000000018dfc000):  JavaThread "AWT-EventQueue-0" [_thread_in_Java, id=10356, stack(0x0000000019cf0000,0x0000000019df0000)]

siginfo: ExceptionCode=0xc00000fd, ExceptionInformation=0x0000000000000001 0x0000000019de6ff8 

Registers:
RAX=0x0000000016145290, RBX=0x0000000016145290, RCX=0x0000000016119600, RDX=0x00000000048380e0
RSP=0x0000000019decff8, RBP=0x0000000019ded058, RSI=0x0000000000000000, RDI=0x00000000163fb638
R8 =0x000000000000000c, R9 =0x0000000018df7830, R10=0x00000000682bf240, R11=0x00000000049d3ad8
R12=0x0000000000000000, R13=0x0000000019ded008, R14=0x0000000019ded080, R15=0x0000000018dfc000
RIP=0x00000000049d3ad8, EFLAGS=0x0000000000010206

Top of Stack: (sp=0x0000000019decff8)
0x0000000019decff8:   00000000048380e0 00000000048380e0
0x0000000019ded008:   0000000000000001 00000000ed881b70
0x0000000019ded018:   0000000019ded018 000000001606e932
0x0000000019ded028:   0000000019ded080 0000000016119600
0x0000000019ded038:   0000000000000000 000000001606e990
0x0000000019ded048:   0000000019ded008 0000000019ded070
0x0000000019ded058:   0000000019ded0c8 00000000048380e0
0x0000000019ded068:   0000000000000000 00000000eda47030
0x0000000019ded078:   00000000edc10e68 00000000ed881b70
0x0000000019ded088:   0000000019ded088 00000000162f3f11
0x0000000019ded098:   0000000019ded0e8 00000000162fde28
0x0000000019ded0a8:   0000000000000000 00000000162f3f40
0x0000000019ded0b8:   0000000019ded070 0000000019ded0e8
0x0000000019ded0c8:   0000000019ded130 0000000004837b30
0x0000000019ded0d8:   0000000000000000 00000000ed881a80
0x0000000019ded0e8:   00000000ed881b70 0000000019ded0f0 

Instructions: (pc=0x00000000049d3ad8)
0x00000000049d3ab8:   00 00 00 00 00 00 00 00 44 8b 52 08 49 c1 e2 03
0x00000000049d3ac8:   49 3b c2 0f 84 07 00 00 00 e9 8a 24 ea ff 66 90
0x00000000049d3ad8:   89 84 24 00 a0 ff ff 55 48 8b ec 48 83 ec 60 49
0x00000000049d3ae8:   be c0 82 80 ed 00 00 00 00 4c 89 74 24 50 4c 8d 


Register to memory mapping:

RAX={method} {0x0000000016145298} 'getCallerClass' '()Ljava/lang/Class;' in 'sun/reflect/Reflection'
RBX={method} {0x0000000016145298} 'getCallerClass' '()Ljava/lang/Class;' in 'sun/reflect/Reflection'
RCX=0x0000000016119600 is pointing into metadata
RDX=0x00000000048380e0 is at code_begin+1664 in an Interpreter codelet
invoke return entry points  [0x0000000004837a60, 0x0000000004838440]  2528 bytes
RSP=0x0000000019decff8 is pointing into the stack for thread: 0x0000000018dfc000
RBP=0x0000000019ded058 is pointing into the stack for thread: 0x0000000018dfc000
RSI=0x0000000000000000 is an unknown value
RDI=0x00000000163fb638 is pointing into metadata
R8 =0x000000000000000c is an unknown value
R9 =0x0000000018df7830 is an unknown value
R10=0x00000000682bf240 is an unknown value
R11=0x00000000049d3ad8 is at entry_point+24 in (nmethod*)0x00000000049d3950
R12=0x0000000000000000 is an unknown value
R13=0x0000000019ded008 is pointing into the stack for thread: 0x0000000018dfc000
R14=0x0000000019ded080 is pointing into the stack for thread: 0x0000000018dfc000
R15=0x0000000018dfc000 is a thread


Stack: [0x0000000019cf0000,0x0000000019df0000],  sp=0x0000000019decff8,  free space=1011k
Native frames: (J=compiled Java code, j=interpreted, Vv=VM code, C=native code)
C  0x00000000049d3ad8


---------------  P R O C E S S  ---------------

Java Threads: ( => current thread )
  0x0000000004650800 JavaThread "DestroyJavaVM" [_thread_blocked, id=2140, stack(0x0000000002d80000,0x0000000002e80000)]
=>0x0000000018dfc000 JavaThread "AWT-EventQueue-0" [_thread_in_Java, id=10356, stack(0x0000000019cf0000,0x0000000019df0000)]
  0x0000000018d8e800 JavaThread "AWT-Windows" daemon [_thread_in_native, id=11220, stack(0x0000000019720000,0x0000000019820000)]
  0x0000000018d41000 JavaThread "AWT-Shutdown" [_thread_blocked, id=12212, stack(0x0000000019620000,0x0000000019720000)]
  0x0000000018d40000 JavaThread "Java2D Disposer" daemon [_thread_blocked, id=9012, stack(0x0000000019520000,0x0000000019620000)]
  0x0000000016a5c000 JavaThread "Service Thread" daemon [_thread_blocked, id=11144, stack(0x0000000018740000,0x0000000018840000)]
  0x0000000016a2a800 JavaThread "C1 CompilerThread2" daemon [_thread_blocked, id=6592, stack(0x0000000018240000,0x0000000018340000)]
  0x0000000016a00000 JavaThread "C2 CompilerThread1" daemon [_thread_blocked, id=10204, stack(0x0000000018140000,0x0000000018240000)]
  0x00000000169fe000 JavaThread "C2 CompilerThread0" daemon [_thread_blocked, id=3496, stack(0x0000000018040000,0x0000000018140000)]
  0x00000000169fc800 JavaThread "Attach Listener" daemon [_thread_blocked, id=5196, stack(0x0000000017f40000,0x0000000018040000)]
  0x00000000169fb800 JavaThread "Signal Dispatcher" daemon [_thread_blocked, id=8548, stack(0x0000000017e40000,0x0000000017f40000)]
  0x000000000474c800 JavaThread "Finalizer" daemon [_thread_blocked, id=10704, stack(0x0000000017c50000,0x0000000017d50000)]
  0x0000000004741800 JavaThread "Reference Handler" daemon [_thread_blocked, id=11556, stack(0x0000000017b50000,0x0000000017c50000)]

Other Threads:
  0x00000000169c7800 VMThread [stack: 0x0000000017a50000,0x0000000017b50000] [id=6476]
  0x0000000018372800 WatcherThread [stack: 0x0000000018840000,0x0000000018940000] [id=6604]

VM state:not at safepoint (normal execution)

VM Mutex/Monitor currently owned by a thread: None

Heap:
 PSYoungGen      total 16896K, used 4456K [0x00000000ed800000, 0x00000000eea80000, 0x0000000100000000)
  eden space 14848K, 30% used [0x00000000ed800000,0x00000000edc5a398,0x00000000ee680000)
  from space 2048K, 0% used [0x00000000ee880000,0x00000000ee880000,0x00000000eea80000)
  to   space 2048K, 0% used [0x00000000ee680000,0x00000000ee680000,0x00000000ee880000)
 ParOldGen       total 38400K, used 0K [0x00000000c8800000, 0x00000000cad80000, 0x00000000ed800000)
  object space 38400K, 0% used [0x00000000c8800000,0x00000000c8800000,0x00000000cad80000)
 Metaspace       used 8247K, capacity 8450K, committed 8576K, reserved 1056768K
  class space    used 1046K, capacity 1120K, committed 1152K, reserved 1048576K

Card table byte_map: [0x0000000013bf0000,0x0000000013db0000] byte_map_base: 0x00000000135ac000

Marking Bits: (ParMarkBitMap*) 0x00000000682dd850
 Begin Bits: [0x00000000142e0000, 0x00000000150c0000)
 End Bits:   [0x00000000150c0000, 0x0000000015ea0000)

Polling page: 0x0000000002d40000

CodeCache: size=245760Kb used=1724Kb max_used=1724Kb free=244035Kb
 bounds [0x0000000004830000, 0x0000000004aa0000, 0x0000000013830000]
 total_blobs=691 nmethods=309 adapters=296
 compilation: enabled

Compilation events (10 events):
Event: 1.153 Thread 0x0000000016a2a800  305       3       javax.swing.plaf.nimbus.NimbusDefaults$LazyPainter::<init> (51 bytes)
Event: 1.154 Thread 0x0000000016a2a800 nmethod 305 0x00000000049dc4d0 code [0x00000000049dc660, 0x00000000049dca18]
Event: 1.154 Thread 0x0000000016a2a800  306       3       javax.swing.plaf.nimbus.AbstractRegionPainter$PaintContext::<init> (281 bytes)
Event: 1.155 Thread 0x0000000016a2a800 nmethod 306 0x00000000049dcbd0 code [0x00000000049dcda0, 0x00000000049dd4a8]
Event: 1.161 Thread 0x0000000016a2a800  307       1       java.awt.Color::getRGB (5 bytes)
Event: 1.162 Thread 0x0000000016a2a800 nmethod 307 0x00000000049dde90 code [0x00000000049ddfe0, 0x00000000049de0f0]
Event: 1.162 Thread 0x0000000016a2a800  308       3       java.util.LinkedList$ListItr::hasNext (20 bytes)
Event: 1.162 Thread 0x0000000016a2a800 nmethod 308 0x00000000049de150 code [0x00000000049de2a0, 0x00000000049de450]
Event: 1.162 Thread 0x0000000016a2a800  309   !   3       sun.awt.AppContext::get (123 bytes)
Event: 1.163 Thread 0x0000000016a2a800 nmethod 309 0x00000000049de510 code [0x00000000049de6c0, 0x00000000049def88]

GC Heap History (0 events):
No events

Deoptimization events (1 events):
Event: 0.924 Thread 0x0000000004650800 Uncommon trap: reason=null_check action=make_not_entrant pc=0x00000000049a85dc method=java.lang.String.equals(Ljava/lang/Object;)Z @ 8

Internal exceptions (10 events):
Event: 1.121 Thread 0x0000000004650800 Exception <a 'java/lang/ClassNotFoundException': ToolBar> (0x00000000edb57d48) thrown at [C:\re\workspace\8-2-build-windows-amd64-cygwin\jdk8u141\9370\hotspot\src\share\vm\classfile\systemDictionary.cpp, line 210]
Event: 1.122 Thread 0x0000000004650800 Exception <a 'java/lang/ClassNotFoundException': ToggleButton> (0x00000000edb582f8) thrown at [C:\re\workspace\8-2-build-windows-amd64-cygwin\jdk8u141\9370\hotspot\src\share\vm\classfile\systemDictionary.cpp, line 210]
Event: 1.122 Thread 0x0000000004650800 Exception <a 'java/lang/ClassNotFoundException': javax/swing/JToolBarSeparator> (0x00000000edb58758) thrown at [C:\re\workspace\8-2-build-windows-amd64-cygwin\jdk8u141\9370\hotspot\src\share\vm\classfile\systemDictionary.cpp, line 210]
Event: 1.122 Thread 0x0000000004650800 Exception <a 'java/lang/ClassNotFoundException': ToolBarSeparator> (0x00000000edb58bf0) thrown at [C:\re\workspace\8-2-build-windows-amd64-cygwin\jdk8u141\9370\hotspot\src\share\vm\classfile\systemDictionary.cpp, line 210]
Event: 1.123 Thread 0x0000000004650800 Exception <a 'java/lang/ClassNotFoundException': ToolTip> (0x00000000edb59330) thrown at [C:\re\workspace\8-2-build-windows-amd64-cygwin\jdk8u141\9370\hotspot\src\share\vm\classfile\systemDictionary.cpp, line 210]
Event: 1.127 Thread 0x0000000004650800 Exception <a 'java/lang/ClassNotFoundException': Tree> (0x00000000edb59f50) thrown at [C:\re\workspace\8-2-build-windows-amd64-cygwin\jdk8u141\9370\hotspot\src\share\vm\classfile\systemDictionary.cpp, line 210]
Event: 1.127 Thread 0x0000000004650800 Exception <a 'java/lang/ClassNotFoundException': Tree> (0x00000000edb5a690) thrown at [C:\re\workspace\8-2-build-windows-amd64-cygwin\jdk8u141\9370\hotspot\src\share\vm\classfile\systemDictionary.cpp, line 210]
Event: 1.127 Thread 0x0000000004650800 Exception <a 'java/lang/ClassNotFoundException': javax/swing/JTreeCell> (0x00000000edb5aa10) thrown at [C:\re\workspace\8-2-build-windows-amd64-cygwin\jdk8u141\9370\hotspot\src\share\vm\classfile\systemDictionary.cpp, line 210]
Event: 1.127 Thread 0x0000000004650800 Exception <a 'java/lang/ClassNotFoundException': TreeCell> (0x00000000edb5ae98) thrown at [C:\re\workspace\8-2-build-windows-amd64-cygwin\jdk8u141\9370\hotspot\src\share\vm\classfile\systemDictionary.cpp, line 210]
Event: 1.129 Thread 0x0000000004650800 Exception <a 'java/lang/ClassNotFoundException': RootPane> (0x00000000edb5b8f8) thrown at [C:\re\workspace\8-2-build-windows-amd64-cygwin\jdk8u141\9370\hotspot\src\share\vm\classfile\systemDictionary.cpp, line 210]

Events (10 events):
Event: 1.188 loading class java/awt/TrayIcon
Event: 1.189 loading class java/awt/TrayIcon done
Event: 1.189 loading class java/awt/event/InputMethodEvent
Event: 1.189 loading class java/awt/event/InputMethodEvent done
Event: 1.189 loading class java/awt/event/ActionEvent
Event: 1.189 loading class java/awt/event/ActionEvent done
Event: 1.190 loading class java/awt/ComponentOrientation
Event: 1.190 loading class java/awt/ComponentOrientation done
Event: 1.190 loading class java/awt/Component$3
Event: 1.190 loading class java/awt/Component$3 done


Dynamic libraries:
0x00007ff721040000 - 0x00007ff721077000 	C:\Program Files\Java\jdk1.8.0_141\bin\java.exe
0x00007ffc1a030000 - 0x00007ffc1a210000 	C:\WINDOWS\SYSTEM32\ntdll.dll
0x00007ffc17850000 - 0x00007ffc178fe000 	C:\WINDOWS\System32\KERNEL32.DLL
0x00007ffc16490000 - 0x00007ffc166f6000 	C:\WINDOWS\System32\KERNELBASE.dll
0x00007ffc14840000 - 0x00007ffc148c8000 	C:\WINDOWS\SYSTEM32\apphelp.dll
0x00007ffc17900000 - 0x00007ffc179a1000 	C:\WINDOWS\System32\ADVAPI32.dll
0x00007ffc18670000 - 0x00007ffc1870d000 	C:\WINDOWS\System32\msvcrt.dll
0x00007ffc19dd0000 - 0x00007ffc19e2b000 	C:\WINDOWS\System32\sechost.dll
0x00007ffc17a50000 - 0x00007ffc17b6f000 	C:\WINDOWS\System32\RPCRT4.dll
0x00007ffc176c0000 - 0x00007ffc1784f000 	C:\WINDOWS\System32\USER32.dll
0x00007ffc174e0000 - 0x00007ffc17500000 	C:\WINDOWS\System32\win32u.dll
0x00007ffc188a0000 - 0x00007ffc188c8000 	C:\WINDOWS\System32\GDI32.dll
0x00007ffc16700000 - 0x00007ffc16893000 	C:\WINDOWS\System32\gdi32full.dll
0x00007ffc17240000 - 0x00007ffc172db000 	C:\WINDOWS\System32\msvcp_win.dll
0x00007ffc173e0000 - 0x00007ffc174d6000 	C:\WINDOWS\System32\ucrtbase.dll
0x00007ffc0b440000 - 0x00007ffc0b6a9000 	C:\WINDOWS\WinSxS\amd64_microsoft.windows.common-controls_6595b64144ccf1df_6.0.16299.125_none_15cbcf8893620c09\COMCTL32.dll
0x00007ffc18210000 - 0x00007ffc18518000 	C:\WINDOWS\System32\combase.dll
0x00007ffc16a70000 - 0x00007ffc16ae2000 	C:\WINDOWS\System32\bcryptPrimitives.dll
0x00007ffc17690000 - 0x00007ffc176bd000 	C:\WINDOWS\System32\IMM32.DLL
0x00000000679e0000 - 0x0000000067ab2000 	C:\Program Files\Java\jdk1.8.0_141\jre\bin\msvcr100.dll
0x0000000067ac0000 - 0x000000006835d000 	C:\Program Files\Java\jdk1.8.0_141\jre\bin\server\jvm.dll
0x00007ffc187e0000 - 0x00007ffc187e8000 	C:\WINDOWS\System32\PSAPI.DLL
0x00007ffc071d0000 - 0x00007ffc071d9000 	C:\WINDOWS\SYSTEM32\WSOCK32.dll
0x00007ffc179c0000 - 0x00007ffc17a2c000 	C:\WINDOWS\System32\WS2_32.dll
0x00007ffc141f0000 - 0x00007ffc14213000 	C:\WINDOWS\SYSTEM32\WINMM.dll
0x00007ffc10500000 - 0x00007ffc1050a000 	C:\WINDOWS\SYSTEM32\VERSION.dll
0x00007ffc141c0000 - 0x00007ffc141ea000 	C:\WINDOWS\SYSTEM32\WINMMBASE.dll
0x00007ffc17390000 - 0x00007ffc173da000 	C:\WINDOWS\System32\cfgmgr32.dll
0x0000000067990000 - 0x000000006799f000 	C:\Program Files\Java\jdk1.8.0_141\jre\bin\verify.dll
0x0000000067960000 - 0x0000000067989000 	C:\Program Files\Java\jdk1.8.0_141\jre\bin\java.dll
0x0000000067940000 - 0x0000000067956000 	C:\Program Files\Java\jdk1.8.0_141\jre\bin\zip.dll
0x00007ffc188d0000 - 0x00007ffc19d06000 	C:\WINDOWS\System32\SHELL32.dll
0x00007ffc18160000 - 0x00007ffc18206000 	C:\WINDOWS\System32\shcore.dll
0x00007ffc16af0000 - 0x00007ffc17237000 	C:\WINDOWS\System32\windows.storage.dll
0x00007ffc19e30000 - 0x00007ffc19e81000 	C:\WINDOWS\System32\shlwapi.dll
0x00007ffc16410000 - 0x00007ffc16421000 	C:\WINDOWS\System32\kernel.appcore.dll
0x00007ffc163a0000 - 0x00007ffc163ec000 	C:\WINDOWS\System32\powrprof.dll
0x00007ffc16380000 - 0x00007ffc1639b000 	C:\WINDOWS\System32\profapi.dll
0x00000000675b0000 - 0x0000000067748000 	C:\Program Files\Java\jdk1.8.0_141\jre\bin\awt.dll
0x00007ffc18710000 - 0x00007ffc187d5000 	C:\WINDOWS\System32\OLEAUT32.dll
0x00007ffc14a00000 - 0x00007ffc14a95000 	C:\WINDOWS\system32\uxtheme.dll
0x00007ffc19e90000 - 0x00007ffc19ff7000 	C:\WINDOWS\System32\MSCTF.dll
0x00007ffc14c30000 - 0x00007ffc14c5a000 	C:\WINDOWS\system32\dwmapi.dll
0x00007ffc18520000 - 0x00007ffc18669000 	C:\WINDOWS\System32\ole32.dll
0x00000000678b0000 - 0x00000000678f7000 	C:\Program Files\Java\jdk1.8.0_141\jre\bin\fontmanager.dll

VM Arguments:
jvm_args: -Dfile.encoding=UTF-8 
java_command: form.uang_kas
java_class_path (initial): C:\Program Files\NetBeans 8.2\ide\modules\ext\mysql-connector-java-5.1.23-bin.jar;C:\Program Files\NetBeans 8.2\java\modules\ext\AbsoluteLayout.jar;D:\ILHAM 16\NetBeans\uangkas\build\classes
Launcher Type: SUN_STANDARD

Environment Variables:
JAVA_HOME=C:\Program Files\Java\jdk1.8.0_141
PATH=C:\ProgramData\Oracle\Java\javapath;C:\WINDOWS\system32;C:\WINDOWS;C:\WINDOWS\System32\Wbem;C:\WINDOWS\System32\WindowsPowerShell\v1.0\;C:\Program Files\Java\jdk1.8.0_141\bin;C:\Program Files (x86)\Microsoft SQL Server\100\Tools\Binn\;C:\Program Files\Microsoft SQL Server\100\Tools\Binn\;C:\Program Files\Microsoft SQL Server\100\DTS\Binn\;C:\Program Files (x86)\Microsoft SQL Server\Client SDK\ODBC\110\Tools\Binn\;C:\Program Files (x86)\Microsoft SQL Server\120\Tools\Binn\;C:\Program Files (x86)\Microsoft SQL Server\120\DTS\Binn\;C:\Program Files (x86)\Microsoft SQL Server\120\Tools\Binn\ManagementStudio\;C:\Users\My PC #16\AppData\Local\Microsoft\WindowsApps
USERNAME=My PC #16
OS=Windows_NT
PROCESSOR_IDENTIFIER=AMD64 Family 22 Model 48 Stepping 1, AuthenticAMD



---------------  S Y S T E M  ---------------

OS: Windows 10.0 , 64 bit Build 16299 (10.0.16299.15)

CPU:total 4 (initial active 4) (4 cores per cpu, 1 threads per core) family 22 model 48 stepping 1, cmov, cx8, fxsr, mmx, sse, sse2, sse3, ssse3, sse4.1, sse4.2, popcnt, avx, aes, clmul, mmxext, 3dnowpref, lzcnt, sse4a, tsc, tscinvbit, tscinv, bmi1

Memory: 4k page, physical 3635568k(419548k free), swap 14645616k(4140k free)

vm_info: Java HotSpot(TM) 64-Bit Server VM (25.141-b15) for windows-amd64 JRE (1.8.0_141-b15), built on Jul 12 2017 04:25:12 by "java_re" with MS VC++ 10.0 (VS2010)

time: Tue May 08 15:03:17 2018
elapsed time: 1 seconds (0d 0h 0m 1s)

