#
# There is insufficient memory for the Java Runtime Environment to continue.
# Native memory allocation (malloc) failed to allocate 1048576 bytes for AllocateHeap
# Possible reasons:
#   The system is out of physical RAM or swap space
#   In 32 bit mode, the process size limit was hit
# Possible solutions:
#   Reduce memory load on the system
#   Increase physical memory or swap space
#   Check if swap backing store is full
#   Use 64 bit Java on a 64 bit OS
#   Decrease Java heap size (-Xmx/-Xms)
#   Decrease number of Java threads
#   Decrease Java thread stack sizes (-Xss)
#   Set larger code cache with -XX:ReservedCodeCacheSize=
# This output file may be truncated or incomplete.
#
#  Out of Memory Error (memory/allocation.inline.hpp:61), pid=12228, tid=0x00000000000005fc
#
# JRE version:  (8.0_141-b15) (build )
# Java VM: Java HotSpot(TM) 64-Bit Server VM (25.141-b15 mixed mode windows-amd64 compressed oops)
# Failed to write core dump. Minidumps are not enabled by default on client versions of Windows
#

---------------  T H R E A D  ---------------

Current thread (0x00000000051f0800):  JavaThread "Unknown thread" [_thread_in_vm, id=1532, stack(0x00000000050f0000,0x00000000051f0000)]

Stack: [0x00000000050f0000,0x00000000051f0000]
[error occurred during error reporting (printing stack bounds), id 0xc0000005]

Native frames: (J=compiled Java code, j=interpreted, Vv=VM code, C=native code)


---------------  P R O C E S S  ---------------

Java Threads: ( => current thread )

Other Threads:

=>0x00000000051f0800 (exited) JavaThread "Unknown thread" [_thread_in_vm, id=1532, stack(0x00000000050f0000,0x00000000051f0000)]

VM state:not at safepoint (normal execution)

VM Mutex/Monitor currently owned by a thread: None

Heap:
 PSYoungGen      total 16896K, used 296K [0x00000000ed800000, 0x00000000eea80000, 0x0000000100000000)
  eden space 14848K, 2% used [0x00000000ed800000,0x00000000ed84a3e0,0x00000000ee680000)
  from space 2048K, 0% used [0x00000000ee880000,0x00000000ee880000,0x00000000eea80000)
  to   space 2048K, 0% used [0x00000000ee680000,0x00000000ee680000,0x00000000ee880000)
 ParOldGen       total 38400K, used 0K [0x00000000c8800000, 0x00000000cad80000, 0x00000000ed800000)
  object space 38400K, 0% used [0x00000000c8800000,0x00000000c8800000,0x00000000cad80000)
 Metaspace       used 770K, capacity 4480K, committed 4480K, reserved 1056768K
  class space    used 75K, capacity 384K, committed 384K, reserved 1048576K

Card table byte_map: [0x00000000146b0000,0x0000000014870000] byte_map_base: 0x000000001406c000

Marking Bits: (ParMarkBitMap*) 0x00000000682dd850
 Begin Bits: [0x0000000014da0000, 0x0000000015b80000)
 End Bits:   [0x0000000015b80000, 0x0000000016960000)

Polling page: 0x0000000003640000

CodeCache: size=245760Kb used=327Kb max_used=327Kb free=245432Kb
 bounds [0x00000000052f0000, 0x0000000005560000, 0x00000000142f0000]
 total_blobs=57 nmethods=0 adapters=38
 compilation: enabled

Compilation events (0 events):
No events

GC Heap History (0 events):
No events

Deoptimization events (0 events):
No events

Internal exceptions (0 events):
No events

Events (10 events):
Event: 0.086 loading class java/lang/Short
Event: 0.086 loading class java/lang/Short done
Event: 0.086 loading class java/lang/Integer
Event: 0.086 loading class java/lang/Integer done
Event: 0.086 loading class java/lang/Long
Event: 0.087 loading class java/lang/Long done
Event: 0.089 loading class java/lang/NullPointerException
Event: 0.089 loading class java/lang/NullPointerException done
Event: 0.089 loading class java/lang/ArithmeticException
Event: 0.089 loading class java/lang/ArithmeticException done


Dynamic libraries:
0x00007ff721040000 - 0x00007ff721077000 	C:\Program Files\Java\jdk1.8.0_141\bin\java.exe
0x00007ffc1a030000 - 0x00007ffc1a210000 	C:\WINDOWS\SYSTEM32\ntdll.dll
0x00007ffc17850000 - 0x00007ffc178fe000 	C:\WINDOWS\System32\KERNEL32.DLL
0x00007ffc16490000 - 0x00007ffc166f6000 	C:\WINDOWS\System32\KERNELBASE.dll
0x00007ffc14840000 - 0x00007ffc148c8000 	C:\WINDOWS\SYSTEM32\apphelp.dll
0x00007ffc17900000 - 0x00007ffc179a1000 	C:\WINDOWS\System32\ADVAPI32.dll
0x00007ffc18670000 - 0x00007ffc1870d000 	C:\WINDOWS\System32\msvcrt.dll
0x00007ffc19dd0000 - 0x00007ffc19e2b000 	C:\WINDOWS\System32\sechost.dll
0x00007ffc17a50000 - 0x00007ffc17b6f000 	C:\WINDOWS\System32\RPCRT4.dll
0x00007ffc176c0000 - 0x00007ffc1784f000 	C:\WINDOWS\System32\USER32.dll
0x00007ffc174e0000 - 0x00007ffc17500000 	C:\WINDOWS\System32\win32u.dll
0x00007ffc188a0000 - 0x00007ffc188c8000 	C:\WINDOWS\System32\GDI32.dll
0x00007ffc16700000 - 0x00007ffc16893000 	C:\WINDOWS\System32\gdi32full.dll
0x00007ffc17240000 - 0x00007ffc172db000 	C:\WINDOWS\System32\msvcp_win.dll
0x00007ffc173e0000 - 0x00007ffc174d6000 	C:\WINDOWS\System32\ucrtbase.dll
0x00007ffc0b440000 - 0x00007ffc0b6a9000 	C:\WINDOWS\WinSxS\amd64_microsoft.windows.common-controls_6595b64144ccf1df_6.0.16299.125_none_15cbcf8893620c09\COMCTL32.dll
0x00007ffc18210000 - 0x00007ffc18518000 	C:\WINDOWS\System32\combase.dll
0x00007ffc16a70000 - 0x00007ffc16ae2000 	C:\WINDOWS\System32\bcryptPrimitives.dll
0x00007ffc17690000 - 0x00007ffc176bd000 	C:\WINDOWS\System32\IMM32.DLL
0x00000000679e0000 - 0x0000000067ab2000 	C:\Program Files\Java\jdk1.8.0_141\jre\bin\msvcr100.dll
0x0000000067ac0000 - 0x000000006835d000 	C:\Program Files\Java\jdk1.8.0_141\jre\bin\server\jvm.dll
0x00007ffc187e0000 - 0x00007ffc187e8000 	C:\WINDOWS\System32\PSAPI.DLL
0x00007ffc071d0000 - 0x00007ffc071d9000 	C:\WINDOWS\SYSTEM32\WSOCK32.dll
0x00007ffc141f0000 - 0x00007ffc14213000 	C:\WINDOWS\SYSTEM32\WINMM.dll
0x00007ffc10500000 - 0x00007ffc1050a000 	C:\WINDOWS\SYSTEM32\VERSION.dll
0x00007ffc179c0000 - 0x00007ffc17a2c000 	C:\WINDOWS\System32\WS2_32.dll
0x00007ffc141c0000 - 0x00007ffc141ea000 	C:\WINDOWS\SYSTEM32\WINMMBASE.dll
0x00007ffc17390000 - 0x00007ffc173da000 	C:\WINDOWS\System32\cfgmgr32.dll
0x0000000067990000 - 0x000000006799f000 	C:\Program Files\Java\jdk1.8.0_141\jre\bin\verify.dll
0x0000000067960000 - 0x0000000067989000 	C:\Program Files\Java\jdk1.8.0_141\jre\bin\java.dll
0x0000000067940000 - 0x0000000067956000 	C:\Program Files\Java\jdk1.8.0_141\jre\bin\zip.dll

VM Arguments:
jvm_args: -Dfile.encoding=UTF-8 
java_command: form.uang_kas
java_class_path (initial): C:\Program Files\NetBeans 8.2\ide\modules\ext\mysql-connector-java-5.1.23-bin.jar;C:\Program Files\NetBeans 8.2\java\modules\ext\AbsoluteLayout.jar;D:\ILHAM 16\NetBeans\uangkas\build\classes
Launcher Type: SUN_STANDARD

Environment Variables:
JAVA_HOME=C:\Program Files\Java\jdk1.8.0_141
PATH=C:\ProgramData\Oracle\Java\javapath;C:\WINDOWS\system32;C:\WINDOWS;C:\WINDOWS\System32\Wbem;C:\WINDOWS\System32\WindowsPowerShell\v1.0\;C:\Program Files\Java\jdk1.8.0_141\bin;C:\Program Files (x86)\Microsoft SQL Server\100\Tools\Binn\;C:\Program Files\Microsoft SQL Server\100\Tools\Binn\;C:\Program Files\Microsoft SQL Server\100\DTS\Binn\;C:\Program Files (x86)\Microsoft SQL Server\Client SDK\ODBC\110\Tools\Binn\;C:\Program Files (x86)\Microsoft SQL Server\120\Tools\Binn\;C:\Program Files (x86)\Microsoft SQL Server\120\DTS\Binn\;C:\Program Files (x86)\Microsoft SQL Server\120\Tools\Binn\ManagementStudio\;C:\Users\My PC #16\AppData\Local\Microsoft\WindowsApps
USERNAME=My PC #16
OS=Windows_NT
PROCESSOR_IDENTIFIER=AMD64 Family 22 Model 48 Stepping 1, AuthenticAMD



---------------  S Y S T E M  ---------------

OS: Windows 10.0 , 64 bit Build 16299 (10.0.16299.15)

CPU:total 4 (initial active 4) (4 cores per cpu, 1 threads per core) family 22 model 48 stepping 1, cmov, cx8, fxsr, mmx, sse, sse2, sse3, ssse3, sse4.1, sse4.2, popcnt, avx, aes, clmul, mmxext, 3dnowpref, lzcnt, sse4a, tsc, tscinvbit, tscinv, bmi1

Memory: 4k page, physical 3635568k(432428k free), swap 14645616k(8360k free)

vm_info: Java HotSpot(TM) 64-Bit Server VM (25.141-b15) for windows-amd64 JRE (1.8.0_141-b15), built on Jul 12 2017 04:25:12 by "java_re" with MS VC++ 10.0 (VS2010)

time: Tue May 08 15:12:23 2018
elapsed time: 0 seconds (0d 0h 0m 0s)

