#
# There is insufficient memory for the Java Runtime Environment to continue.
# Native memory allocation (malloc) failed to allocate 32744 bytes for ChunkPool::allocate
# Possible reasons:
#   The system is out of physical RAM or swap space
#   In 32 bit mode, the process size limit was hit
# Possible solutions:
#   Reduce memory load on the system
#   Increase physical memory or swap space
#   Check if swap backing store is full
#   Use 64 bit Java on a 64 bit OS
#   Decrease Java heap size (-Xmx/-Xms)
#   Decrease number of Java threads
#   Decrease Java thread stack sizes (-Xss)
#   Set larger code cache with -XX:ReservedCodeCacheSize=
# This output file may be truncated or incomplete.
#
#  Out of Memory Error (allocation.cpp:273), pid=9976, tid=0x0000000000001e8c
#
# JRE version: Java(TM) SE Runtime Environment (8.0_141-b15) (build 1.8.0_141-b15)
# Java VM: Java HotSpot(TM) 64-Bit Server VM (25.141-b15 mixed mode windows-amd64 compressed oops)
# Failed to write core dump. Minidumps are not enabled by default on client versions of Windows
#

---------------  T H R E A D  ---------------

Current thread (0x0000000004430800):  JavaThread "main" [_thread_in_vm, id=7820, stack(0x0000000002b70000,0x0000000002c70000)]

Stack: [0x0000000002b70000,0x0000000002c70000]
[error occurred during error reporting (printing stack bounds), id 0xc0000005]

Native frames: (J=compiled Java code, j=interpreted, Vv=VM code, C=native code)

Java frames: (J=compiled Java code, j=interpreted, Vv=VM code)
j  sun.misc.Unsafe.defineAnonymousClass(Ljava/lang/Class;[B[Ljava/lang/Object;)Ljava/lang/Class;+0
j  java.lang.invoke.InvokerBytecodeGenerator.loadAndInitializeInvokerClass([B[Ljava/lang/Object;)Ljava/lang/Class;+8
j  java.lang.invoke.InvokerBytecodeGenerator.loadMethod([B)Ljava/lang/invoke/MemberName;+6
j  java.lang.invoke.InvokerBytecodeGenerator.generateCustomizedCode(Ljava/lang/invoke/LambdaForm;Ljava/lang/invoke/MethodType;)Ljava/lang/invoke/MemberName;+17
j  java.lang.invoke.LambdaForm.compileToBytecode()Ljava/lang/invoke/MemberName;+65
j  java.lang.invoke.DirectMethodHandle.makePreparedLambdaForm(Ljava/lang/invoke/MethodType;I)Ljava/lang/invoke/LambdaForm;+638
j  java.lang.invoke.DirectMethodHandle.preparedLambdaForm(Ljava/lang/invoke/MethodType;I)Ljava/lang/invoke/LambdaForm;+17
j  java.lang.invoke.DirectMethodHandle.preparedLambdaForm(Ljava/lang/invoke/MemberName;)Ljava/lang/invoke/LambdaForm;+151
j  java.lang.invoke.DirectMethodHandle.make(BLjava/lang/Class;Ljava/lang/invoke/MemberName;)Ljava/lang/invoke/DirectMethodHandle;+94
j  java.lang.invoke.DirectMethodHandle.make(Ljava/lang/Class;Ljava/lang/invoke/MemberName;)Ljava/lang/invoke/DirectMethodHandle;+16
j  java.lang.invoke.DirectMethodHandle.make(Ljava/lang/invoke/MemberName;)Ljava/lang/invoke/DirectMethodHandle;+17
j  java.lang.invoke.Invokers.basicInvoker()Ljava/lang/invoke/MethodHandle;+60
j  java.lang.invoke.LambdaForm$NamedFunction.<init>(Ljava/lang/invoke/MethodType;)V+42
j  java.lang.invoke.LambdaForm$Name.<init>(Ljava/lang/invoke/MethodType;[Ljava/lang/Object;)V+6
j  java.lang.invoke.DelegatingMethodHandle.makeReinvokerForm(Ljava/lang/invoke/MethodHandle;ILjava/lang/Object;Ljava/lang/String;ZLjava/lang/invoke/LambdaForm$NamedFunction;Ljava/lang/invoke/LambdaForm$NamedFunction;)Ljava/lang/invoke/LambdaForm;+291
j  java.lang.invoke.DelegatingMethodHandle.makeReinvokerForm(Ljava/lang/invoke/MethodHandle;ILjava/lang/Object;Ljava/lang/invoke/LambdaForm$NamedFunction;)Ljava/lang/invoke/LambdaForm;+54
j  java.lang.invoke.DelegatingMethodHandle.chooseDelegatingForm(Ljava/lang/invoke/MethodHandle;)Ljava/lang/invoke/LambdaForm;+20
j  java.lang.invoke.DelegatingMethodHandle.<init>(Ljava/lang/invoke/MethodType;Ljava/lang/invoke/MethodHandle;)V+3
j  java.lang.invoke.MethodHandleImpl$IntrinsicMethodHandle.<init>(Ljava/lang/invoke/MethodHandle;Ljava/lang/invoke/MethodHandleImpl$Intrinsic;)V+6
j  java.lang.invoke.MethodHandleImpl.makeIntrinsic(Ljava/lang/invoke/MethodHandle;Ljava/lang/invoke/MethodHandleImpl$Intrinsic;)Ljava/lang/invoke/MethodHandle;+16
j  java.lang.invoke.MethodHandleImpl.makeArrays()[Ljava/lang/invoke/MethodHandle;+35
j  java.lang.invoke.MethodHandleImpl.access$000()[Ljava/lang/invoke/MethodHandle;+0
j  java.lang.invoke.MethodHandleImpl$Lazy.<clinit>()V+5
v  ~StubRoutines::call_stub
j  java.lang.invoke.MethodHandleImpl.varargsArray(I)Ljava/lang/invoke/MethodHandle;+0
j  java.lang.invoke.MethodHandleImpl.varargsArray(Ljava/lang/Class;I)Ljava/lang/invoke/MethodHandle;+121
j  java.lang.invoke.MethodHandle.asCollector(Ljava/lang/Class;I)Ljava/lang/invoke/MethodHandle;+36
j  java.lang.invoke.MethodHandleImpl$AsVarargsCollector.<init>(Ljava/lang/invoke/MethodType;Ljava/lang/invoke/MethodHandle;Ljava/lang/Class;)V+20
j  java.lang.invoke.MethodHandleImpl$AsVarargsCollector.<init>(Ljava/lang/invoke/MethodHandle;Ljava/lang/Class;)V+7
j  java.lang.invoke.MethodHandleImpl.makeVarargsCollector(Ljava/lang/invoke/MethodHandle;Ljava/lang/Class;)Ljava/lang/invoke/MethodHandle;+43
j  java.lang.invoke.MethodHandle.setVarargs(Ljava/lang/invoke/MemberName;)Ljava/lang/invoke/MethodHandle;+26
j  java.lang.invoke.MethodHandles$Lookup.getDirectMethodCommon(BLjava/lang/Class;Ljava/lang/invoke/MemberName;ZZLjava/lang/Class;)Ljava/lang/invoke/MethodHandle;+263
j  java.lang.invoke.MethodHandles$Lookup.getDirectMethod(BLjava/lang/Class;Ljava/lang/invoke/MemberName;Ljava/lang/Class;)Ljava/lang/invoke/MethodHandle;+8
j  java.lang.invoke.MethodHandles$Lookup.findStatic(Ljava/lang/Class;Ljava/lang/String;Ljava/lang/invoke/MethodType;)Ljava/lang/invoke/MethodHandle;+23
j  java.lang.invoke.CallSite.<clinit>()V+35
v  ~StubRoutines::call_stub
j  java.lang.invoke.MethodHandleNatives.linkCallSiteImpl(Ljava/lang/Class;Ljava/lang/invoke/MethodHandle;Ljava/lang/String;Ljava/lang/invoke/MethodType;Ljava/lang/Object;[Ljava/lang/Object;)Ljava/lang/invoke/MemberName;+6
j  java.lang.invoke.MethodHandleNatives.linkCallSite(Ljava/lang/Object;Ljava/lang/Object;Ljava/lang/Object;Ljava/lang/Object;Ljava/lang/Object;[Ljava/lang/Object;)Ljava/lang/invoke/MemberName;+45
v  ~StubRoutines::call_stub
j  java.awt.GraphicsEnvironment.getHeadlessProperty()Z+6
j  java.awt.GraphicsEnvironment.isHeadless()Z+0
j  java.awt.Toolkit.<clinit>()V+47
v  ~StubRoutines::call_stub
j  java.awt.Component.<clinit>()V+93
v  ~StubRoutines::call_stub

---------------  P R O C E S S  ---------------

Java Threads: ( => current thread )
  0x00000000167ea000 JavaThread "Service Thread" daemon [_thread_blocked, id=9192, stack(0x00000000184e0000,0x00000000185e0000)]
  0x00000000167dc000 JavaThread "C1 CompilerThread2" daemon [_thread_blocked, id=7048, stack(0x0000000017fe0000,0x00000000180e0000)]
  0x000000001678f800 JavaThread "C2 CompilerThread1" daemon [_thread_blocked, id=11932, stack(0x0000000017ee0000,0x0000000017fe0000)]
  0x000000001678d000 JavaThread "C2 CompilerThread0" daemon [_thread_blocked, id=2624, stack(0x0000000017de0000,0x0000000017ee0000)]
  0x000000001678c000 JavaThread "Attach Listener" daemon [_thread_blocked, id=1492, stack(0x0000000017ce0000,0x0000000017de0000)]
  0x000000001678a800 JavaThread "Signal Dispatcher" daemon [_thread_blocked, id=7868, stack(0x0000000017be0000,0x0000000017ce0000)]
  0x000000000452b800 JavaThread "Finalizer" daemon [_thread_blocked, id=10576, stack(0x00000000179f0000,0x0000000017af0000)]
  0x0000000004520800 JavaThread "Reference Handler" daemon [_thread_blocked, id=6752, stack(0x00000000178f0000,0x00000000179f0000)]
=>0x0000000004430800 JavaThread "main" [_thread_in_vm, id=7820, stack(0x0000000002b70000,0x0000000002c70000)]

Other Threads:
  0x0000000016758800 VMThread [stack: 0x00000000177f0000,0x00000000178f0000] [id=10352]
  0x00000000167ed800 WatcherThread [stack: 0x00000000185e0000,0x00000000186e0000] [id=6236]

VM state:not at safepoint (normal execution)

VM Mutex/Monitor currently owned by a thread: None

Heap:
 PSYoungGen      total 16896K, used 1484K [0x00000000ed800000, 0x00000000eea80000, 0x0000000100000000)
  eden space 14848K, 10% used [0x00000000ed800000,0x00000000ed9733c0,0x00000000ee680000)
  from space 2048K, 0% used [0x00000000ee880000,0x00000000ee880000,0x00000000eea80000)
  to   space 2048K, 0% used [0x00000000ee680000,0x00000000ee680000,0x00000000ee880000)
 ParOldGen       total 38400K, used 0K [0x00000000c8800000, 0x00000000cad80000, 0x00000000ed800000)
  object space 38400K, 0% used [0x00000000c8800000,0x00000000c8800000,0x00000000cad80000)
 Metaspace       used 4306K, capacity 4736K, committed 4992K, reserved 1056768K
  class space    used 489K, capacity 547K, committed 640K, reserved 1048576K

Card table byte_map: [0x0000000004580000,0x0000000004740000] byte_map_base: 0x0000000003f3c000

Marking Bits: (ParMarkBitMap*) 0x00000000682dd850
 Begin Bits: [0x0000000014070000, 0x0000000014e50000)
 End Bits:   [0x0000000014e50000, 0x0000000015c30000)

Polling page: 0x0000000002680000

CodeCache: size=245760Kb used=1258Kb max_used=1269Kb free=244501Kb
 bounds [0x0000000004780000, 0x00000000049f0000, 0x0000000013780000]
 total_blobs=371 nmethods=108 adapters=177
 compilation: enabled

Compilation events (10 events):
Event: 0.366 Thread 0x000000001678d000  102       4       java.lang.String::hashCode (55 bytes)
Event: 0.367 Thread 0x00000000167dc000 nmethod 99 0x00000000048b5650 code [0x00000000048b5820, 0x00000000048b5f50]
Event: 0.367 Thread 0x00000000167dc000  101       3       java.lang.String::lastIndexOf (13 bytes)
Event: 0.368 Thread 0x00000000167dc000 nmethod 101 0x00000000048b6310 code [0x00000000048b6480, 0x00000000048b66a8]
Event: 0.368 Thread 0x00000000167dc000  100       3       java.lang.invoke.MethodType::checkSlotCount (33 bytes)
Event: 0.368 Thread 0x00000000167dc000 nmethod 100 0x00000000048b6750 code [0x00000000048b6940, 0x00000000048b7198]
Event: 0.368 Thread 0x00000000167dc000  103       3       java.lang.AbstractStringBuilder::<init> (12 bytes)
Event: 0.369 Thread 0x00000000167dc000 nmethod 103 0x00000000048b7510 code [0x00000000048b7680, 0x00000000048b78d0]
Event: 0.369 Thread 0x00000000167dc000  105   !   3       java.lang.invoke.MemberName::getMethodType (208 bytes)
Event: 0.369 Thread 0x000000001678f800  107       4       java.lang.String::indexOf (70 bytes)

GC Heap History (0 events):
No events

Deoptimization events (0 events):
No events

Internal exceptions (7 events):
Event: 0.053 Thread 0x0000000004430800 Exception <a 'java/lang/NoSuchMethodError': Method sun.misc.Unsafe.defineClass(Ljava/lang/String;[BII)Ljava/lang/Class; name or signature does not match> (0x00000000ed807ca8) thrown at [C:\re\workspace\8-2-build-windows-amd64-cygwin\jdk8u141\9370\hotspot\
Event: 0.053 Thread 0x0000000004430800 Exception <a 'java/lang/NoSuchMethodError': Method sun.misc.Unsafe.prefetchRead(Ljava/lang/Object;J)V name or signature does not match> (0x00000000ed807f90) thrown at [C:\re\workspace\8-2-build-windows-amd64-cygwin\jdk8u141\9370\hotspot\src\share\vm\prims
Event: 0.276 Thread 0x0000000004430800 Exception <a 'java/security/PrivilegedActionException'> (0x00000000ed8e8738) thrown at [C:\re\workspace\8-2-build-windows-amd64-cygwin\jdk8u141\9370\hotspot\src\share\vm\prims\jvm.cpp, line 1390]
Event: 0.276 Thread 0x0000000004430800 Exception <a 'java/security/PrivilegedActionException'> (0x00000000ed8e8948) thrown at [C:\re\workspace\8-2-build-windows-amd64-cygwin\jdk8u141\9370\hotspot\src\share\vm\prims\jvm.cpp, line 1390]
Event: 0.279 Thread 0x0000000004430800 Exception <a 'java/security/PrivilegedActionException'> (0x00000000ed8ec858) thrown at [C:\re\workspace\8-2-build-windows-amd64-cygwin\jdk8u141\9370\hotspot\src\share\vm\prims\jvm.cpp, line 1390]
Event: 0.279 Thread 0x0000000004430800 Exception <a 'java/security/PrivilegedActionException'> (0x00000000ed8eca68) thrown at [C:\re\workspace\8-2-build-windows-amd64-cygwin\jdk8u141\9370\hotspot\src\share\vm\prims\jvm.cpp, line 1390]
Event: 0.288 Thread 0x0000000004430800 Exception <a 'java/io/FileNotFoundException'> (0x00000000ed8eed80) thrown at [C:\re\workspace\8-2-build-windows-amd64-cygwin\jdk8u141\9370\hotspot\src\share\vm\prims\jni.cpp, line 709]

Events (10 events):
Event: 0.362 loading class java/lang/invoke/MethodHandleImpl$AsVarargsCollector
Event: 0.362 loading class java/lang/invoke/DelegatingMethodHandle
Event: 0.363 loading class java/lang/invoke/DelegatingMethodHandle done
Event: 0.363 loading class java/lang/invoke/MethodHandleImpl$AsVarargsCollector done
Event: 0.363 loading class java/lang/invoke/WrongMethodTypeException
Event: 0.364 loading class java/lang/invoke/WrongMethodTypeException done
Event: 0.368 loading class java/lang/invoke/MethodHandleImpl$Lazy
Event: 0.368 loading class java/lang/invoke/MethodHandleImpl$Lazy done
Event: 0.368 loading class java/lang/invoke/MethodHandleImpl$IntrinsicMethodHandle
Event: 0.369 loading class java/lang/invoke/MethodHandleImpl$IntrinsicMethodHandle done


Dynamic libraries:
0x00007ff721040000 - 0x00007ff721077000 	C:\Program Files\Java\jdk1.8.0_141\bin\java.exe
0x00007ffc1a030000 - 0x00007ffc1a210000 	C:\WINDOWS\SYSTEM32\ntdll.dll
0x00007ffc17850000 - 0x00007ffc178fe000 	C:\WINDOWS\System32\KERNEL32.DLL
0x00007ffc16490000 - 0x00007ffc166f6000 	C:\WINDOWS\System32\KERNELBASE.dll
0x00007ffc14840000 - 0x00007ffc148c8000 	C:\WINDOWS\SYSTEM32\apphelp.dll
0x00007ffc17900000 - 0x00007ffc179a1000 	C:\WINDOWS\System32\ADVAPI32.dll
0x00007ffc18670000 - 0x00007ffc1870d000 	C:\WINDOWS\System32\msvcrt.dll
0x00007ffc19dd0000 - 0x00007ffc19e2b000 	C:\WINDOWS\System32\sechost.dll
0x00007ffc17a50000 - 0x00007ffc17b6f000 	C:\WINDOWS\System32\RPCRT4.dll
0x00007ffc176c0000 - 0x00007ffc1784f000 	C:\WINDOWS\System32\USER32.dll
0x00007ffc174e0000 - 0x00007ffc17500000 	C:\WINDOWS\System32\win32u.dll
0x00007ffc188a0000 - 0x00007ffc188c8000 	C:\WINDOWS\System32\GDI32.dll
0x00007ffc16700000 - 0x00007ffc16893000 	C:\WINDOWS\System32\gdi32full.dll
0x00007ffc17240000 - 0x00007ffc172db000 	C:\WINDOWS\System32\msvcp_win.dll
0x00007ffc173e0000 - 0x00007ffc174d6000 	C:\WINDOWS\System32\ucrtbase.dll
0x00007ffc0b440000 - 0x00007ffc0b6a9000 	C:\WINDOWS\WinSxS\amd64_microsoft.windows.common-controls_6595b64144ccf1df_6.0.16299.125_none_15cbcf8893620c09\COMCTL32.dll
0x00007ffc18210000 - 0x00007ffc18518000 	C:\WINDOWS\System32\combase.dll
0x00007ffc16a70000 - 0x00007ffc16ae2000 	C:\WINDOWS\System32\bcryptPrimitives.dll
0x00007ffc17690000 - 0x00007ffc176bd000 	C:\WINDOWS\System32\IMM32.DLL
0x00000000679e0000 - 0x0000000067ab2000 	C:\Program Files\Java\jdk1.8.0_141\jre\bin\msvcr100.dll
0x0000000067ac0000 - 0x000000006835d000 	C:\Program Files\Java\jdk1.8.0_141\jre\bin\server\jvm.dll
0x00007ffc187e0000 - 0x00007ffc187e8000 	C:\WINDOWS\System32\PSAPI.DLL
0x00007ffc141f0000 - 0x00007ffc14213000 	C:\WINDOWS\SYSTEM32\WINMM.dll
0x00007ffc10500000 - 0x00007ffc1050a000 	C:\WINDOWS\SYSTEM32\VERSION.dll
0x00007ffc071d0000 - 0x00007ffc071d9000 	C:\WINDOWS\SYSTEM32\WSOCK32.dll
0x00007ffc179c0000 - 0x00007ffc17a2c000 	C:\WINDOWS\System32\WS2_32.dll
0x00007ffc141c0000 - 0x00007ffc141ea000 	C:\WINDOWS\SYSTEM32\winmmbase.dll
0x00007ffc17390000 - 0x00007ffc173da000 	C:\WINDOWS\System32\cfgmgr32.dll
0x0000000067990000 - 0x000000006799f000 	C:\Program Files\Java\jdk1.8.0_141\jre\bin\verify.dll
0x0000000067960000 - 0x0000000067989000 	C:\Program Files\Java\jdk1.8.0_141\jre\bin\java.dll
0x0000000067940000 - 0x0000000067956000 	C:\Program Files\Java\jdk1.8.0_141\jre\bin\zip.dll
0x00007ffc188d0000 - 0x00007ffc19d06000 	C:\WINDOWS\System32\SHELL32.dll
0x00007ffc18160000 - 0x00007ffc18206000 	C:\WINDOWS\System32\shcore.dll
0x00007ffc16af0000 - 0x00007ffc17237000 	C:\WINDOWS\System32\windows.storage.dll
0x00007ffc19e30000 - 0x00007ffc19e81000 	C:\WINDOWS\System32\shlwapi.dll
0x00007ffc16410000 - 0x00007ffc16421000 	C:\WINDOWS\System32\kernel.appcore.dll
0x00007ffc163a0000 - 0x00007ffc163ec000 	C:\WINDOWS\System32\powrprof.dll
0x00007ffc16380000 - 0x00007ffc1639b000 	C:\WINDOWS\System32\profapi.dll
0x00000000675b0000 - 0x0000000067748000 	C:\Program Files\Java\jdk1.8.0_141\jre\bin\awt.dll
0x00007ffc18710000 - 0x00007ffc187d5000 	C:\WINDOWS\System32\OLEAUT32.dll

VM Arguments:
jvm_args: -Dfile.encoding=UTF-8 
java_command: form.uang_kas
java_class_path (initial): C:\Program Files\NetBeans 8.2\ide\modules\ext\mysql-connector-java-5.1.23-bin.jar;C:\Program Files\NetBeans 8.2\java\modules\ext\AbsoluteLayout.jar;D:\ILHAM 16\NetBeans\uangkas\build\classes
Launcher Type: SUN_STANDARD

Environment Variables:
JAVA_HOME=C:\Program Files\Java\jdk1.8.0_141
PATH=C:\ProgramData\Oracle\Java\javapath;C:\WINDOWS\system32;C:\WINDOWS;C:\WINDOWS\System32\Wbem;C:\WINDOWS\System32\WindowsPowerShell\v1.0\;C:\Program Files\Java\jdk1.8.0_141\bin;C:\Program Files (x86)\Microsoft SQL Server\100\Tools\Binn\;C:\Program Files\Microsoft SQL Server\100\Tools\Binn\;C:\Program Files\Microsoft SQL Server\100\DTS\Binn\;C:\Program Files (x86)\Microsoft SQL Server\Client SDK\ODBC\110\Tools\Binn\;C:\Program Files (x86)\Microsoft SQL Server\120\Tools\Binn\;C:\Program Files (x86)\Microsoft SQL Server\120\DTS\Binn\;C:\Program Files (x86)\Microsoft SQL Server\120\Tools\Binn\ManagementStudio\;C:\Users\My PC #16\AppData\Local\Microsoft\WindowsApps
USERNAME=My PC #16
OS=Windows_NT
PROCESSOR_IDENTIFIER=AMD64 Family 22 Model 48 Stepping 1, AuthenticAMD



---------------  S Y S T E M  ---------------

OS: Windows 10.0 , 64 bit Build 16299 (10.0.16299.15)

CPU:total 4 (initial active 4) (4 cores per cpu, 1 threads per core) family 22 model 48 stepping 1, cmov, cx8, fxsr, mmx, sse, sse2, sse3, ssse3, sse4.1, sse4.2, popcnt, avx, aes, clmul, mmxext, 3dnowpref, lzcnt, sse4a, tsc, tscinvbit, tscinv, bmi1

Memory: 4k page, physical 3635568k(502424k free), swap 14645616k(3112k free)

vm_info: Java HotSpot(TM) 64-Bit Server VM (25.141-b15) for windows-amd64 JRE (1.8.0_141-b15), built on Jul 12 2017 04:25:12 by "java_re" with MS VC++ 10.0 (VS2010)

time: Tue May 08 15:14:51 2018
elapsed time: 0 seconds (0d 0h 0m 0s)

